Starting test run...
Running tests in: /home/vincent/Documents/unirepo/WiSe25_26/soft_eng/assignment2/tests
Measuring coverage for: /home/vincent/Documents/unirepo/WiSe25_26/soft_eng/assignment2/generated_code
======================================================================
[1m============================= test session starts ==============================[0m
platform linux -- Python 3.10.12, pytest-8.4.2, pluggy-1.6.0 -- /usr/bin/python3
cachedir: .pytest_cache
rootdir: /home/vincent/Documents/unirepo/WiSe25_26/soft_eng/assignment2
plugins: cov-7.0.0, anyio-4.9.0
[1mcollecting ... [0m
Found 5 files for problem_0_*.py:

Found 5 files for problem_1_*.py:

Found 5 files for problem_2_*.py:

Found 5 files for problem_3_*.py:

Found 3 files for problem_4_*.py:

Found 5 files for problem_5_*.py:

Found 5 files for problem_6_*.py:

Found 5 files for problem_7_*.py:

Found 5 files for problem_8_*.py:

Found 5 files for problem_9_*.py:
collected 48 items

tests/test_0.py::test_min_cost[problem_0_iteration_0.py] [31mFAILED[0m
tests/test_0.py::test_min_cost[problem_0_iteration_1.py] [31mFAILED[0m
tests/test_0.py::test_min_cost[problem_0_iteration_2.py] [31mFAILED[0m
tests/test_0.py::test_min_cost[problem_0_iteration_3.py] [31mFAILED[0m
tests/test_0.py::test_min_cost[problem_0_iteration_4.py] [31mFAILED[0m
tests/test_1.py::test_min_cost[problem_1_iteration_0.py] [31mFAILED[0m
tests/test_1.py::test_min_cost[problem_1_iteration_1.py] [31mFAILED[0m
tests/test_1.py::test_min_cost[problem_1_iteration_2.py] [31mFAILED[0m
tests/test_1.py::test_min_cost[problem_1_iteration_3.py] [31mFAILED[0m
tests/test_1.py::test_min_cost[problem_1_iteration_4.py] [31mFAILED[0m
tests/test_2.py::test_min_cost[problem_2_iteration_0.py] [31mFAILED[0m
tests/test_2.py::test_min_cost[problem_2_iteration_1.py] [31mFAILED[0m
tests/test_2.py::test_min_cost[problem_2_iteration_2.py] [31mFAILED[0m
tests/test_2.py::test_min_cost[problem_2_iteration_3.py] [32mPASSED[0m
tests/test_2.py::test_min_cost[problem_2_iteration_4.py] [31mFAILED[0m
tests/test_3.py::test_min_cost[problem_3_iteration_0.py] [31mFAILED[0m
tests/test_3.py::test_min_cost[problem_3_iteration_1.py] [31mFAILED[0m
tests/test_3.py::test_min_cost[problem_3_iteration_2.py] [32mPASSED[0m
tests/test_3.py::test_min_cost[problem_3_iteration_3.py] [31mFAILED[0m
tests/test_3.py::test_min_cost[problem_3_iteration_4.py] [31mFAILED[0m
tests/test_4.py::test_min_cost[problem_4_iteration_0.py] [31mFAILED[0m
tests/test_4.py::test_min_cost[problem_4_iteration_3.py] [31mFAILED[0m
tests/test_4.py::test_min_cost[problem_4_iteration_4.py] [31mFAILED[0m
tests/test_5.py::test_min_cost[problem_5_iteration_0.py] [31mFAILED[0m
tests/test_5.py::test_min_cost[problem_5_iteration_1.py] [31mFAILED[0m
tests/test_5.py::test_min_cost[problem_5_iteration_2.py] [31mFAILED[0m
tests/test_5.py::test_min_cost[problem_5_iteration_3.py] [31mFAILED[0m
tests/test_5.py::test_min_cost[problem_5_iteration_4.py] [31mFAILED[0m
tests/test_6.py::test_min_cost[problem_6_iteration_0.py] [31mFAILED[0m
tests/test_6.py::test_min_cost[problem_6_iteration_1.py] [31mFAILED[0m
tests/test_6.py::test_min_cost[problem_6_iteration_2.py] [32mPASSED[0m
tests/test_6.py::test_min_cost[problem_6_iteration_3.py] [31mFAILED[0m
tests/test_6.py::test_min_cost[problem_6_iteration_4.py] [32mPASSED[0m
tests/test_7.py::test_min_cost[problem_7_iteration_0.py] [32mPASSED[0m
tests/test_7.py::test_min_cost[problem_7_iteration_1.py] [32mPASSED[0m
tests/test_7.py::test_min_cost[problem_7_iteration_2.py] [32mPASSED[0m
tests/test_7.py::test_min_cost[problem_7_iteration_3.py] [32mPASSED[0m
tests/test_7.py::test_min_cost[problem_7_iteration_4.py] [32mPASSED[0m
tests/test_8.py::test_find_Rotations[problem_8_iteration_0.py] [31mFAILED[0m
tests/test_8.py::test_find_Rotations[problem_8_iteration_1.py] [31mFAILED[0m
tests/test_8.py::test_find_Rotations[problem_8_iteration_2.py] [31mFAILED[0m
tests/test_8.py::test_find_Rotations[problem_8_iteration_3.py] [31mFAILED[0m
tests/test_8.py::test_find_Rotations[problem_8_iteration_4.py] [31mFAILED[0m
tests/test_9.py::test_small_nnum[problem_9_iteration_0.py] [31mFAILED[0m
tests/test_9.py::test_small_nnum[problem_9_iteration_1.py] [32mPASSED[0m
tests/test_9.py::test_small_nnum[problem_9_iteration_2.py] [32mPASSED[0m
tests/test_9.py::test_small_nnum[problem_9_iteration_3.py] [32mPASSED[0m
tests/test_9.py::test_small_nnum[problem_9_iteration_4.py] [32mPASSED[0m

=================================== FAILURES ===================================
[31m[1m___________________ test_min_cost[problem_0_iteration_0.py] ____________________[0m

min_cost = <function min_cost at 0x7287cc24e710>

    [0m[37m@pytest[39;49;00m.mark.parametrize([33m"[39;49;00m[33mmin_cost[39;49;00m[33m"[39;49;00m, all_min_cost_functions)[90m[39;49;00m
    [94mdef[39;49;00m [92mtest_min_cost[39;49;00m(min_cost):[90m[39;49;00m
    [90m    [39;49;00m[33m"""[39;49;00m
    [33m    This ONE test will run for EVERY function in the 'all_min_cost_functions' list.[39;49;00m
    [33m    'min_cost_func' will be the function from iteration 1, then iteration 2, etc.[39;49;00m
    [33m    """[39;49;00m[90m[39;49;00m
    [90m[39;49;00m
        [90m# If loading failed, min_cost_func might be None[39;49;00m[90m[39;49;00m
        [94mif[39;49;00m min_cost [95mis[39;49;00m [94mNone[39;49;00m:[90m[39;49;00m
            pytest.fail([33m"[39;49;00m[33mModule loading failed, see console output.[39;49;00m[33m"[39;49;00m)[90m[39;49;00m
    [90m[39;49;00m
    [90m[39;49;00m
>       [94massert[39;49;00m min_cost([[[94m1[39;49;00m, [94m2[39;49;00m, [94m3[39;49;00m], [[94m4[39;49;00m, [94m8[39;49;00m, [94m2[39;49;00m], [[94m1[39;49;00m, [94m5[39;49;00m, [94m3[39;49;00m]], [94m2[39;49;00m, [94m2[39;49;00m) == [94m8[39;49;00m[90m[39;49;00m
[1m[31mE       TypeError: min_cost() takes 1 positional argument but 3 were given[0m

[1m[31mtests/test_0.py[0m:74: TypeError
[31m[1m___________________ test_min_cost[problem_0_iteration_1.py] ____________________[0m

min_cost = <function min_cost at 0x7287cc24e7a0>

    [0m[37m@pytest[39;49;00m.mark.parametrize([33m"[39;49;00m[33mmin_cost[39;49;00m[33m"[39;49;00m, all_min_cost_functions)[90m[39;49;00m
    [94mdef[39;49;00m [92mtest_min_cost[39;49;00m(min_cost):[90m[39;49;00m
    [90m    [39;49;00m[33m"""[39;49;00m
    [33m    This ONE test will run for EVERY function in the 'all_min_cost_functions' list.[39;49;00m
    [33m    'min_cost_func' will be the function from iteration 1, then iteration 2, etc.[39;49;00m
    [33m    """[39;49;00m[90m[39;49;00m
    [90m[39;49;00m
        [90m# If loading failed, min_cost_func might be None[39;49;00m[90m[39;49;00m
        [94mif[39;49;00m min_cost [95mis[39;49;00m [94mNone[39;49;00m:[90m[39;49;00m
            pytest.fail([33m"[39;49;00m[33mModule loading failed, see console output.[39;49;00m[33m"[39;49;00m)[90m[39;49;00m
    [90m[39;49;00m
    [90m[39;49;00m
>       [94massert[39;49;00m min_cost([[[94m1[39;49;00m, [94m2[39;49;00m, [94m3[39;49;00m], [[94m4[39;49;00m, [94m8[39;49;00m, [94m2[39;49;00m], [[94m1[39;49;00m, [94m5[39;49;00m, [94m3[39;49;00m]], [94m2[39;49;00m, [94m2[39;49;00m) == [94m8[39;49;00m[90m[39;49;00m

[1m[31mtests/test_0.py[0m:74: 
_ _ _ _ _ _ _ _ _ _ _ _ _ _ _ _ _ _ _ _ _ _ _ _ _ _ _ _ _ _ _ _ _ _ _ _ _ _ _ _ 

cost = [[1, 2, 3], [4, 8, 2], [1, 5, 3]], m = 2, n = 2

    [0m[94mdef[39;49;00m [92mmin_cost[39;49;00m(cost, m, n):[90m[39;49;00m
        dp = [[[96mfloat[39;49;00m([33m'[39;49;00m[33minf[39;49;00m[33m'[39;49;00m)] * n [94mfor[39;49;00m _ [95min[39;49;00m [96mrange[39;49;00m(m)][90m[39;49;00m
        dp[[94m0[39;49;00m][[94m0[39;49;00m] = [94m0[39;49;00m[90m[39;49;00m
        [94mfor[39;49;00m i [95min[39;49;00m [96mrange[39;49;00m(m):[90m[39;49;00m
            [94mfor[39;49;00m j [95min[39;49;00m [96mrange[39;49;00m(n):[90m[39;49;00m
                dp[i][j] = cost[i][j] + dp[i][j - [94m1[39;49;00m] [94mif[39;49;00m j > [94m0[39;49;00m [94melse[39;49;00m cost[i][j][90m[39;49;00m
>       [94mreturn[39;49;00m dp[m][n][90m[39;49;00m
[1m[31mE       IndexError: list index out of range[0m

[1m[31mgenerated_code/problem_0_iteration_1.py[0m:7: IndexError
[31m[1m___________________ test_min_cost[problem_0_iteration_2.py] ____________________[0m

min_cost = <function min_cost at 0x7287cc24e830>

    [0m[37m@pytest[39;49;00m.mark.parametrize([33m"[39;49;00m[33mmin_cost[39;49;00m[33m"[39;49;00m, all_min_cost_functions)[90m[39;49;00m
    [94mdef[39;49;00m [92mtest_min_cost[39;49;00m(min_cost):[90m[39;49;00m
    [90m    [39;49;00m[33m"""[39;49;00m
    [33m    This ONE test will run for EVERY function in the 'all_min_cost_functions' list.[39;49;00m
    [33m    'min_cost_func' will be the function from iteration 1, then iteration 2, etc.[39;49;00m
    [33m    """[39;49;00m[90m[39;49;00m
    [90m[39;49;00m
        [90m# If loading failed, min_cost_func might be None[39;49;00m[90m[39;49;00m
        [94mif[39;49;00m min_cost [95mis[39;49;00m [94mNone[39;49;00m:[90m[39;49;00m
            pytest.fail([33m"[39;49;00m[33mModule loading failed, see console output.[39;49;00m[33m"[39;49;00m)[90m[39;49;00m
    [90m[39;49;00m
    [90m[39;49;00m
>       [94massert[39;49;00m min_cost([[[94m1[39;49;00m, [94m2[39;49;00m, [94m3[39;49;00m], [[94m4[39;49;00m, [94m8[39;49;00m, [94m2[39;49;00m], [[94m1[39;49;00m, [94m5[39;49;00m, [94m3[39;49;00m]], [94m2[39;49;00m, [94m2[39;49;00m) == [94m8[39;49;00m[90m[39;49;00m
[1m[31mE       TypeError: min_cost() takes 1 positional argument but 3 were given[0m

[1m[31mtests/test_0.py[0m:74: TypeError
[31m[1m___________________ test_min_cost[problem_0_iteration_3.py] ____________________[0m

min_cost = <function min_cost at 0x7287cc24e3b0>

    [0m[37m@pytest[39;49;00m.mark.parametrize([33m"[39;49;00m[33mmin_cost[39;49;00m[33m"[39;49;00m, all_min_cost_functions)[90m[39;49;00m
    [94mdef[39;49;00m [92mtest_min_cost[39;49;00m(min_cost):[90m[39;49;00m
    [90m    [39;49;00m[33m"""[39;49;00m
    [33m    This ONE test will run for EVERY function in the 'all_min_cost_functions' list.[39;49;00m
    [33m    'min_cost_func' will be the function from iteration 1, then iteration 2, etc.[39;49;00m
    [33m    """[39;49;00m[90m[39;49;00m
    [90m[39;49;00m
        [90m# If loading failed, min_cost_func might be None[39;49;00m[90m[39;49;00m
        [94mif[39;49;00m min_cost [95mis[39;49;00m [94mNone[39;49;00m:[90m[39;49;00m
            pytest.fail([33m"[39;49;00m[33mModule loading failed, see console output.[39;49;00m[33m"[39;49;00m)[90m[39;49;00m
    [90m[39;49;00m
    [90m[39;49;00m
>       [94massert[39;49;00m min_cost([[[94m1[39;49;00m, [94m2[39;49;00m, [94m3[39;49;00m], [[94m4[39;49;00m, [94m8[39;49;00m, [94m2[39;49;00m], [[94m1[39;49;00m, [94m5[39;49;00m, [94m3[39;49;00m]], [94m2[39;49;00m, [94m2[39;49;00m) == [94m8[39;49;00m[90m[39;49;00m

[1m[31mtests/test_0.py[0m:74: 
_ _ _ _ _ _ _ _ _ _ _ _ _ _ _ _ _ _ _ _ _ _ _ _ _ _ _ _ _ _ _ _ _ _ _ _ _ _ _ _ 

cost = [[1, 2, 3], [4, 8, 2], [1, 5, 3]], m = 2, n = 2

    [0m[94mdef[39;49;00m [92mmin_cost[39;49;00m(cost, m, n):[90m[39;49;00m
        dp = [[[96mfloat[39;49;00m([33m'[39;49;00m[33minf[39;49;00m[33m'[39;49;00m)] * n [94mfor[39;49;00m _ [95min[39;49;00m [96mrange[39;49;00m(m)][90m[39;49;00m
        dp[[94m0[39;49;00m][[94m0[39;49;00m] = cost[[94m0[39;49;00m][[94m0[39;49;00m][90m[39;49;00m
        [94mfor[39;49;00m i [95min[39;49;00m [96mrange[39;49;00m([94m1[39;49;00m, m):[90m[39;49;00m
            dp[i][[94m0[39;49;00m] = [96mmin[39;49;00m(dp[i][[94m0[39;49;00m], dp[i - [94m1[39;49;00m][[94m0[39;49;00m] + cost[i][[94m0[39;49;00m])[90m[39;49;00m
            [94mfor[39;49;00m j [95min[39;49;00m [96mrange[39;49;00m([94m1[39;49;00m, n):[90m[39;49;00m
                dp[i][j] = [96mmin[39;49;00m(dp[i][j], dp[i - [94m1[39;49;00m][j] + cost[i][j])[90m[39;49;00m
>       [94mreturn[39;49;00m dp[m][n][90m[39;49;00m
[1m[31mE       IndexError: list index out of range[0m

[1m[31mgenerated_code/problem_0_iteration_3.py[0m:8: IndexError
[31m[1m___________________ test_min_cost[problem_0_iteration_4.py] ____________________[0m

min_cost = <function min_cost at 0x7287cc24d000>

    [0m[37m@pytest[39;49;00m.mark.parametrize([33m"[39;49;00m[33mmin_cost[39;49;00m[33m"[39;49;00m, all_min_cost_functions)[90m[39;49;00m
    [94mdef[39;49;00m [92mtest_min_cost[39;49;00m(min_cost):[90m[39;49;00m
    [90m    [39;49;00m[33m"""[39;49;00m
    [33m    This ONE test will run for EVERY function in the 'all_min_cost_functions' list.[39;49;00m
    [33m    'min_cost_func' will be the function from iteration 1, then iteration 2, etc.[39;49;00m
    [33m    """[39;49;00m[90m[39;49;00m
    [90m[39;49;00m
        [90m# If loading failed, min_cost_func might be None[39;49;00m[90m[39;49;00m
        [94mif[39;49;00m min_cost [95mis[39;49;00m [94mNone[39;49;00m:[90m[39;49;00m
            pytest.fail([33m"[39;49;00m[33mModule loading failed, see console output.[39;49;00m[33m"[39;49;00m)[90m[39;49;00m
    [90m[39;49;00m
    [90m[39;49;00m
>       [94massert[39;49;00m min_cost([[[94m1[39;49;00m, [94m2[39;49;00m, [94m3[39;49;00m], [[94m4[39;49;00m, [94m8[39;49;00m, [94m2[39;49;00m], [[94m1[39;49;00m, [94m5[39;49;00m, [94m3[39;49;00m]], [94m2[39;49;00m, [94m2[39;49;00m) == [94m8[39;49;00m[90m[39;49;00m
[1m[31mE       TypeError: min_cost() takes 1 positional argument but 3 were given[0m

[1m[31mtests/test_0.py[0m:74: TypeError
[31m[1m___________________ test_min_cost[problem_1_iteration_0.py] ____________________[0m

similar_elements = <function similar_elements at 0x7287cc24ec20>

    [0m[37m@pytest[39;49;00m.mark.parametrize([33m"[39;49;00m[33msimilar_elements[39;49;00m[33m"[39;49;00m, all_min_cost_functions)[90m[39;49;00m
    [94mdef[39;49;00m [92mtest_min_cost[39;49;00m(similar_elements):[90m[39;49;00m
    [90m    [39;49;00m[33m"""[39;49;00m
    [33m    This ONE test will run for EVERY function in the 'all_min_cost_functions' list.[39;49;00m
    [33m    'min_cost_func' will be the function from iteration 1, then iteration 2, etc.[39;49;00m
    [33m    """[39;49;00m[90m[39;49;00m
    [90m[39;49;00m
        [90m# If loading failed, min_cost_func might be None[39;49;00m[90m[39;49;00m
        [94mif[39;49;00m similar_elements [95mis[39;49;00m [94mNone[39;49;00m:[90m[39;49;00m
            pytest.fail([33m"[39;49;00m[33mModule loading failed, see console output.[39;49;00m[33m"[39;49;00m)[90m[39;49;00m
    [90m[39;49;00m
>       [94massert[39;49;00m similar_elements(([94m3[39;49;00m, [94m4[39;49;00m, [94m5[39;49;00m, [94m6[39;49;00m),([94m5[39;49;00m, [94m7[39;49;00m, [94m4[39;49;00m, [94m10[39;49;00m)) == ([94m4[39;49;00m, [94m5[39;49;00m)[90m[39;49;00m
[1m[31mE       assert [] == (4, 5)[0m
[1m[31mE         [0m
[1m[31mE         Right contains 2 more items, first extra item: [0m[94m4[39;49;00m[90m[39;49;00m[0m
[1m[31mE         [0m
[1m[31mE         Full diff:[0m
[1m[31mE         [0m[92m+ [][39;49;00m[90m[39;49;00m[0m
[1m[31mE         [91m- ([39;49;00m[90m[39;49;00m[0m
[1m[31mE         [91m-     4,[39;49;00m[90m[39;49;00m[0m
[1m[31mE         [91m-     5,[39;49;00m[90m[39;49;00m[0m
[1m[31mE         [91m- )[39;49;00m[90m[39;49;00m[0m

[1m[31mtests/test_1.py[0m:73: AssertionError
[31m[1m___________________ test_min_cost[problem_1_iteration_1.py] ____________________[0m

similar_elements = <function similar_elements at 0x7287cc24ecb0>

    [0m[37m@pytest[39;49;00m.mark.parametrize([33m"[39;49;00m[33msimilar_elements[39;49;00m[33m"[39;49;00m, all_min_cost_functions)[90m[39;49;00m
    [94mdef[39;49;00m [92mtest_min_cost[39;49;00m(similar_elements):[90m[39;49;00m
    [90m    [39;49;00m[33m"""[39;49;00m
    [33m    This ONE test will run for EVERY function in the 'all_min_cost_functions' list.[39;49;00m
    [33m    'min_cost_func' will be the function from iteration 1, then iteration 2, etc.[39;49;00m
    [33m    """[39;49;00m[90m[39;49;00m
    [90m[39;49;00m
        [90m# If loading failed, min_cost_func might be None[39;49;00m[90m[39;49;00m
        [94mif[39;49;00m similar_elements [95mis[39;49;00m [94mNone[39;49;00m:[90m[39;49;00m
            pytest.fail([33m"[39;49;00m[33mModule loading failed, see console output.[39;49;00m[33m"[39;49;00m)[90m[39;49;00m
    [90m[39;49;00m
>       [94massert[39;49;00m similar_elements(([94m3[39;49;00m, [94m4[39;49;00m, [94m5[39;49;00m, [94m6[39;49;00m),([94m5[39;49;00m, [94m7[39;49;00m, [94m4[39;49;00m, [94m10[39;49;00m)) == ([94m4[39;49;00m, [94m5[39;49;00m)[90m[39;49;00m

[1m[31mtests/test_1.py[0m:73: 
_ _ _ _ _ _ _ _ _ _ _ _ _ _ _ _ _ _ _ _ _ _ _ _ _ _ _ _ _ _ _ _ _ _ _ _ _ _ _ _ 
[1m[31mgenerated_code/problem_1_iteration_1.py[0m:2: in similar_elements
    [0mset1 = [96mset[39;49;00m(([96mtuple[39;49;00m(i) [94mfor[39;49;00m i [95min[39;49;00m list1))[90m[39;49;00m
_ _ _ _ _ _ _ _ _ _ _ _ _ _ _ _ _ _ _ _ _ _ _ _ _ _ _ _ _ _ _ _ _ _ _ _ _ _ _ _ 

.0 = <tuple_iterator object at 0x7287cc25a1a0>

>   [0mset1 = [96mset[39;49;00m(([96mtuple[39;49;00m(i) [94mfor[39;49;00m i [95min[39;49;00m list1))[90m[39;49;00m
[1m[31mE   TypeError: 'int' object is not iterable[0m

[1m[31mgenerated_code/problem_1_iteration_1.py[0m:2: TypeError
[31m[1m___________________ test_min_cost[problem_1_iteration_2.py] ____________________[0m

similar_elements = <function similar_elements at 0x7287cc24ed40>

    [0m[37m@pytest[39;49;00m.mark.parametrize([33m"[39;49;00m[33msimilar_elements[39;49;00m[33m"[39;49;00m, all_min_cost_functions)[90m[39;49;00m
    [94mdef[39;49;00m [92mtest_min_cost[39;49;00m(similar_elements):[90m[39;49;00m
    [90m    [39;49;00m[33m"""[39;49;00m
    [33m    This ONE test will run for EVERY function in the 'all_min_cost_functions' list.[39;49;00m
    [33m    'min_cost_func' will be the function from iteration 1, then iteration 2, etc.[39;49;00m
    [33m    """[39;49;00m[90m[39;49;00m
    [90m[39;49;00m
        [90m# If loading failed, min_cost_func might be None[39;49;00m[90m[39;49;00m
        [94mif[39;49;00m similar_elements [95mis[39;49;00m [94mNone[39;49;00m:[90m[39;49;00m
            pytest.fail([33m"[39;49;00m[33mModule loading failed, see console output.[39;49;00m[33m"[39;49;00m)[90m[39;49;00m
    [90m[39;49;00m
>       [94massert[39;49;00m similar_elements(([94m3[39;49;00m, [94m4[39;49;00m, [94m5[39;49;00m, [94m6[39;49;00m),([94m5[39;49;00m, [94m7[39;49;00m, [94m4[39;49;00m, [94m10[39;49;00m)) == ([94m4[39;49;00m, [94m5[39;49;00m)[90m[39;49;00m
[1m[31mE       assert [4, 5] == (4, 5)[0m
[1m[31mE         [0m
[1m[31mE         Full diff:[0m
[1m[31mE         [0m[91m- ([39;49;00m[90m[39;49;00m[0m
[1m[31mE         [92m+ [[39;49;00m[90m[39;49;00m[0m
[1m[31mE         [90m [39;49;00m     4,[90m[39;49;00m[0m
[1m[31mE         [90m [39;49;00m     5,[90m[39;49;00m[0m
[1m[31mE         [91m- )[39;49;00m[90m[39;49;00m[0m
[1m[31mE         [92m+ ][39;49;00m[90m[39;49;00m[0m

[1m[31mtests/test_1.py[0m:73: AssertionError
[31m[1m___________________ test_min_cost[problem_1_iteration_3.py] ____________________[0m

similar_elements = <function similar_elements at 0x7287cc24edd0>

    [0m[37m@pytest[39;49;00m.mark.parametrize([33m"[39;49;00m[33msimilar_elements[39;49;00m[33m"[39;49;00m, all_min_cost_functions)[90m[39;49;00m
    [94mdef[39;49;00m [92mtest_min_cost[39;49;00m(similar_elements):[90m[39;49;00m
    [90m    [39;49;00m[33m"""[39;49;00m
    [33m    This ONE test will run for EVERY function in the 'all_min_cost_functions' list.[39;49;00m
    [33m    'min_cost_func' will be the function from iteration 1, then iteration 2, etc.[39;49;00m
    [33m    """[39;49;00m[90m[39;49;00m
    [90m[39;49;00m
        [90m# If loading failed, min_cost_func might be None[39;49;00m[90m[39;49;00m
        [94mif[39;49;00m similar_elements [95mis[39;49;00m [94mNone[39;49;00m:[90m[39;49;00m
            pytest.fail([33m"[39;49;00m[33mModule loading failed, see console output.[39;49;00m[33m"[39;49;00m)[90m[39;49;00m
    [90m[39;49;00m
        [94massert[39;49;00m similar_elements(([94m3[39;49;00m, [94m4[39;49;00m, [94m5[39;49;00m, [94m6[39;49;00m),([94m5[39;49;00m, [94m7[39;49;00m, [94m4[39;49;00m, [94m10[39;49;00m)) == ([94m4[39;49;00m, [94m5[39;49;00m)[90m[39;49;00m
        [94massert[39;49;00m similar_elements(([94m1[39;49;00m, [94m2[39;49;00m, [94m3[39;49;00m, [94m4[39;49;00m),([94m5[39;49;00m, [94m4[39;49;00m, [94m3[39;49;00m, [94m7[39;49;00m)) == ([94m3[39;49;00m, [94m4[39;49;00m)[90m[39;49;00m
>       [94massert[39;49;00m similar_elements(([94m11[39;49;00m, [94m12[39;49;00m, [94m14[39;49;00m, [94m13[39;49;00m),([94m17[39;49;00m, [94m15[39;49;00m, [94m14[39;49;00m, [94m13[39;49;00m)) == ([94m13[39;49;00m, [94m14[39;49;00m)[90m[39;49;00m
[1m[31mE       assert (14, 13) == (13, 14)[0m
[1m[31mE         [0m
[1m[31mE         At index 0 diff: [0m[94m14[39;49;00m[90m[39;49;00m != [0m[94m13[39;49;00m[90m[39;49;00m[0m
[1m[31mE         [0m
[1m[31mE         Full diff:[0m
[1m[31mE         [0m[90m [39;49;00m ([90m[39;49;00m[0m
[1m[31mE         [92m+     14,[39;49;00m[90m[39;49;00m[0m
[1m[31mE         [90m [39;49;00m     13,[90m[39;49;00m[0m
[1m[31mE         [91m-     14,[39;49;00m[90m[39;49;00m[0m
[1m[31mE         [90m [39;49;00m )[90m[39;49;00m[0m

[1m[31mtests/test_1.py[0m:75: AssertionError
[31m[1m___________________ test_min_cost[problem_1_iteration_4.py] ____________________[0m

similar_elements = <function similar_elements at 0x7287cc24ee60>

    [0m[37m@pytest[39;49;00m.mark.parametrize([33m"[39;49;00m[33msimilar_elements[39;49;00m[33m"[39;49;00m, all_min_cost_functions)[90m[39;49;00m
    [94mdef[39;49;00m [92mtest_min_cost[39;49;00m(similar_elements):[90m[39;49;00m
    [90m    [39;49;00m[33m"""[39;49;00m
    [33m    This ONE test will run for EVERY function in the 'all_min_cost_functions' list.[39;49;00m
    [33m    'min_cost_func' will be the function from iteration 1, then iteration 2, etc.[39;49;00m
    [33m    """[39;49;00m[90m[39;49;00m
    [90m[39;49;00m
        [90m# If loading failed, min_cost_func might be None[39;49;00m[90m[39;49;00m
        [94mif[39;49;00m similar_elements [95mis[39;49;00m [94mNone[39;49;00m:[90m[39;49;00m
            pytest.fail([33m"[39;49;00m[33mModule loading failed, see console output.[39;49;00m[33m"[39;49;00m)[90m[39;49;00m
    [90m[39;49;00m
>       [94massert[39;49;00m similar_elements(([94m3[39;49;00m, [94m4[39;49;00m, [94m5[39;49;00m, [94m6[39;49;00m),([94m5[39;49;00m, [94m7[39;49;00m, [94m4[39;49;00m, [94m10[39;49;00m)) == ([94m4[39;49;00m, [94m5[39;49;00m)[90m[39;49;00m

[1m[31mtests/test_1.py[0m:73: 
_ _ _ _ _ _ _ _ _ _ _ _ _ _ _ _ _ _ _ _ _ _ _ _ _ _ _ _ _ _ _ _ _ _ _ _ _ _ _ _ 
[1m[31mgenerated_code/problem_1_iteration_4.py[0m:2: in similar_elements
    [0mset1 = [96mset[39;49;00m(([96mtuple[39;49;00m(i) [94mfor[39;49;00m i [95min[39;49;00m list1))[90m[39;49;00m
_ _ _ _ _ _ _ _ _ _ _ _ _ _ _ _ _ _ _ _ _ _ _ _ _ _ _ _ _ _ _ _ _ _ _ _ _ _ _ _ 

.0 = <tuple_iterator object at 0x7287cc1468c0>

>   [0mset1 = [96mset[39;49;00m(([96mtuple[39;49;00m(i) [94mfor[39;49;00m i [95min[39;49;00m list1))[90m[39;49;00m
[1m[31mE   TypeError: 'int' object is not iterable[0m

[1m[31mgenerated_code/problem_1_iteration_4.py[0m:2: TypeError
[31m[1m___________________ test_min_cost[problem_2_iteration_0.py] ____________________[0m

is_not_prime = <function is_not_prime at 0x7287cc24f010>

    [0m[37m@pytest[39;49;00m.mark.parametrize([33m"[39;49;00m[33mis_not_prime[39;49;00m[33m"[39;49;00m, all_min_cost_functions)[90m[39;49;00m
    [94mdef[39;49;00m [92mtest_min_cost[39;49;00m(is_not_prime):[90m[39;49;00m
    [90m    [39;49;00m[33m"""[39;49;00m
    [33m    This ONE test will run for EVERY function in the 'all_min_cost_functions' list.[39;49;00m
    [33m    'min_cost_func' will be the function from iteration 1, then iteration 2, etc.[39;49;00m
    [33m    """[39;49;00m[90m[39;49;00m
    [90m[39;49;00m
        [90m# If loading failed, min_cost_func might be None[39;49;00m[90m[39;49;00m
        [94mif[39;49;00m is_not_prime [95mis[39;49;00m [94mNone[39;49;00m:[90m[39;49;00m
            pytest.fail([33m"[39;49;00m[33mModule loading failed, see console output.[39;49;00m[33m"[39;49;00m)[90m[39;49;00m
    [90m[39;49;00m
    [90m[39;49;00m
    [90m[39;49;00m
>       [94massert[39;49;00m is_not_prime([94m2[39;49;00m) == [94mFalse[39;49;00m[90m[39;49;00m
[1m[31mE       assert True == False[0m
[1m[31mE        +  where True = <function is_not_prime at 0x7287cc24f010>(2)[0m

[1m[31mtests/test_2.py[0m:75: AssertionError
[31m[1m___________________ test_min_cost[problem_2_iteration_1.py] ____________________[0m

is_not_prime = <function is_not_prime at 0x7287cc24f0a0>

    [0m[37m@pytest[39;49;00m.mark.parametrize([33m"[39;49;00m[33mis_not_prime[39;49;00m[33m"[39;49;00m, all_min_cost_functions)[90m[39;49;00m
    [94mdef[39;49;00m [92mtest_min_cost[39;49;00m(is_not_prime):[90m[39;49;00m
    [90m    [39;49;00m[33m"""[39;49;00m
    [33m    This ONE test will run for EVERY function in the 'all_min_cost_functions' list.[39;49;00m
    [33m    'min_cost_func' will be the function from iteration 1, then iteration 2, etc.[39;49;00m
    [33m    """[39;49;00m[90m[39;49;00m
    [90m[39;49;00m
        [90m# If loading failed, min_cost_func might be None[39;49;00m[90m[39;49;00m
        [94mif[39;49;00m is_not_prime [95mis[39;49;00m [94mNone[39;49;00m:[90m[39;49;00m
            pytest.fail([33m"[39;49;00m[33mModule loading failed, see console output.[39;49;00m[33m"[39;49;00m)[90m[39;49;00m
    [90m[39;49;00m
    [90m[39;49;00m
    [90m[39;49;00m
>       [94massert[39;49;00m is_not_prime([94m2[39;49;00m) == [94mFalse[39;49;00m[90m[39;49;00m
[1m[31mE       AssertionError: assert ['Not prime. Number is 2 or 3'] == False[0m
[1m[31mE        +  where ['Not prime. Number is 2 or 3'] = <function is_not_prime at 0x7287cc24f0a0>(2)[0m

[1m[31mtests/test_2.py[0m:75: AssertionError
[31m[1m___________________ test_min_cost[problem_2_iteration_2.py] ____________________[0m

is_not_prime = <function is_not_prime at 0x7287cc24f130>

    [0m[37m@pytest[39;49;00m.mark.parametrize([33m"[39;49;00m[33mis_not_prime[39;49;00m[33m"[39;49;00m, all_min_cost_functions)[90m[39;49;00m
    [94mdef[39;49;00m [92mtest_min_cost[39;49;00m(is_not_prime):[90m[39;49;00m
    [90m    [39;49;00m[33m"""[39;49;00m
    [33m    This ONE test will run for EVERY function in the 'all_min_cost_functions' list.[39;49;00m
    [33m    'min_cost_func' will be the function from iteration 1, then iteration 2, etc.[39;49;00m
    [33m    """[39;49;00m[90m[39;49;00m
    [90m[39;49;00m
        [90m# If loading failed, min_cost_func might be None[39;49;00m[90m[39;49;00m
        [94mif[39;49;00m is_not_prime [95mis[39;49;00m [94mNone[39;49;00m:[90m[39;49;00m
            pytest.fail([33m"[39;49;00m[33mModule loading failed, see console output.[39;49;00m[33m"[39;49;00m)[90m[39;49;00m
    [90m[39;49;00m
    [90m[39;49;00m
    [90m[39;49;00m
        [94massert[39;49;00m is_not_prime([94m2[39;49;00m) == [94mFalse[39;49;00m[90m[39;49;00m
        [94massert[39;49;00m is_not_prime([94m10[39;49;00m) == [94mTrue[39;49;00m[90m[39;49;00m
        [94massert[39;49;00m is_not_prime([94m35[39;49;00m) == [94mTrue[39;49;00m[90m[39;49;00m
        [94massert[39;49;00m is_not_prime([94m6[39;49;00m) == [94mTrue[39;49;00m[90m[39;49;00m
        [94massert[39;49;00m is_not_prime([94m4[39;49;00m) == [94mTrue[39;49;00m[90m[39;49;00m
        [94massert[39;49;00m is_not_prime([94m3[39;49;00m) == [94mFalse[39;49;00m[90m[39;49;00m
        [94massert[39;49;00m is_not_prime([94m4[39;49;00m) == [94mTrue[39;49;00m[90m[39;49;00m
        [94massert[39;49;00m is_not_prime([94m5[39;49;00m) == [94mFalse[39;49;00m[90m[39;49;00m
        [94massert[39;49;00m is_not_prime([94m6[39;49;00m) == [94mTrue[39;49;00m[90m[39;49;00m
        [94massert[39;49;00m is_not_prime([94m2[39;49;00m) == [94mFalse[39;49;00m[90m[39;49;00m
        [94massert[39;49;00m is_not_prime([94m5[39;49;00m) == [94mFalse[39;49;00m[90m[39;49;00m
        [94massert[39;49;00m is_not_prime([94m4[39;49;00m) == [94mTrue[39;49;00m[90m[39;49;00m
        [94massert[39;49;00m is_not_prime([94m6[39;49;00m) == [94mTrue[39;49;00m[90m[39;49;00m
        [94massert[39;49;00m is_not_prime([94m7[39;49;00m) == [94mFalse[39;49;00m[90m[39;49;00m
        [94massert[39;49;00m is_not_prime([94m2[39;49;00m) == [94mFalse[39;49;00m[90m[39;49;00m
        [94massert[39;49;00m is_not_prime([94m2[39;49;00m) == [94mFalse[39;49;00m[90m[39;49;00m
        [94massert[39;49;00m is_not_prime([94m5[39;49;00m) == [94mFalse[39;49;00m[90m[39;49;00m
        [94massert[39;49;00m is_not_prime([94m6[39;49;00m) == [94mTrue[39;49;00m[90m[39;49;00m
        [94massert[39;49;00m is_not_prime([94m4[39;49;00m) == [94mTrue[39;49;00m[90m[39;49;00m
        [94massert[39;49;00m is_not_prime([94m2[39;49;00m) == [94mFalse[39;49;00m[90m[39;49;00m
>       [94massert[39;49;00m is_not_prime([94m1[39;49;00m) == [94mFalse[39;49;00m[90m[39;49;00m
[1m[31mE       assert True == False[0m
[1m[31mE        +  where True = <function is_not_prime at 0x7287cc24f130>(1)[0m

[1m[31mtests/test_2.py[0m:95: AssertionError
[31m[1m___________________ test_min_cost[problem_2_iteration_4.py] ____________________[0m

is_not_prime = <function is_not_prime at 0x7287cc24f250>

    [0m[37m@pytest[39;49;00m.mark.parametrize([33m"[39;49;00m[33mis_not_prime[39;49;00m[33m"[39;49;00m, all_min_cost_functions)[90m[39;49;00m
    [94mdef[39;49;00m [92mtest_min_cost[39;49;00m(is_not_prime):[90m[39;49;00m
    [90m    [39;49;00m[33m"""[39;49;00m
    [33m    This ONE test will run for EVERY function in the 'all_min_cost_functions' list.[39;49;00m
    [33m    'min_cost_func' will be the function from iteration 1, then iteration 2, etc.[39;49;00m
    [33m    """[39;49;00m[90m[39;49;00m
    [90m[39;49;00m
        [90m# If loading failed, min_cost_func might be None[39;49;00m[90m[39;49;00m
        [94mif[39;49;00m is_not_prime [95mis[39;49;00m [94mNone[39;49;00m:[90m[39;49;00m
            pytest.fail([33m"[39;49;00m[33mModule loading failed, see console output.[39;49;00m[33m"[39;49;00m)[90m[39;49;00m
    [90m[39;49;00m
    [90m[39;49;00m
    [90m[39;49;00m
>       [94massert[39;49;00m is_not_prime([94m2[39;49;00m) == [94mFalse[39;49;00m[90m[39;49;00m
[1m[31mE       AssertionError: assert ['Not prime. Number is 2 or 3'] == False[0m
[1m[31mE        +  where ['Not prime. Number is 2 or 3'] = <function is_not_prime at 0x7287cc24f250>(2)[0m

[1m[31mtests/test_2.py[0m:75: AssertionError
[31m[1m___________________ test_min_cost[problem_3_iteration_0.py] ____________________[0m

heap_queue_largest = <function heap_queue_largest at 0x7287cc24cf70>

    [0m[37m@pytest[39;49;00m.mark.parametrize([33m"[39;49;00m[33mheap_queue_largest[39;49;00m[33m"[39;49;00m, all_min_cost_functions)[90m[39;49;00m
    [94mdef[39;49;00m [92mtest_min_cost[39;49;00m(heap_queue_largest):[90m[39;49;00m
    [90m    [39;49;00m[33m"""[39;49;00m
    [33m    This ONE test will run for EVERY function in the 'all_min_cost_functions' list.[39;49;00m
    [33m    'min_cost_func' will be the function from iteration 1, then iteration 2, etc.[39;49;00m
    [33m    """[39;49;00m[90m[39;49;00m
    [90m[39;49;00m
        [90m# If loading failed, min_cost_func might be None[39;49;00m[90m[39;49;00m
        [94mif[39;49;00m heap_queue_largest [95mis[39;49;00m [94mNone[39;49;00m:[90m[39;49;00m
            pytest.fail([33m"[39;49;00m[33mModule loading failed, see console output.[39;49;00m[33m"[39;49;00m)[90m[39;49;00m
    [90m[39;49;00m
>       [94massert[39;49;00m heap_queue_largest( [[94m25[39;49;00m, [94m35[39;49;00m, [94m22[39;49;00m, [94m85[39;49;00m, [94m14[39;49;00m, [94m65[39;49;00m, [94m75[39;49;00m, [94m22[39;49;00m, [94m58[39;49;00m],[94m3[39;49;00m)==[[94m85[39;49;00m, [94m75[39;49;00m, [94m65[39;49;00m][90m[39;49;00m
[1m[31mE       TypeError: heap_queue_largest() takes 1 positional argument but 2 were given[0m

[1m[31mtests/test_3.py[0m:73: TypeError
[31m[1m___________________ test_min_cost[problem_3_iteration_1.py] ____________________[0m

heap_queue_largest = <function heap_queue_largest at 0x7287cc24eb00>

    [0m[37m@pytest[39;49;00m.mark.parametrize([33m"[39;49;00m[33mheap_queue_largest[39;49;00m[33m"[39;49;00m, all_min_cost_functions)[90m[39;49;00m
    [94mdef[39;49;00m [92mtest_min_cost[39;49;00m(heap_queue_largest):[90m[39;49;00m
    [90m    [39;49;00m[33m"""[39;49;00m
    [33m    This ONE test will run for EVERY function in the 'all_min_cost_functions' list.[39;49;00m
    [33m    'min_cost_func' will be the function from iteration 1, then iteration 2, etc.[39;49;00m
    [33m    """[39;49;00m[90m[39;49;00m
    [90m[39;49;00m
        [90m# If loading failed, min_cost_func might be None[39;49;00m[90m[39;49;00m
        [94mif[39;49;00m heap_queue_largest [95mis[39;49;00m [94mNone[39;49;00m:[90m[39;49;00m
            pytest.fail([33m"[39;49;00m[33mModule loading failed, see console output.[39;49;00m[33m"[39;49;00m)[90m[39;49;00m
    [90m[39;49;00m
>       [94massert[39;49;00m heap_queue_largest( [[94m25[39;49;00m, [94m35[39;49;00m, [94m22[39;49;00m, [94m85[39;49;00m, [94m14[39;49;00m, [94m65[39;49;00m, [94m75[39;49;00m, [94m22[39;49;00m, [94m58[39;49;00m],[94m3[39;49;00m)==[[94m85[39;49;00m, [94m75[39;49;00m, [94m65[39;49;00m][90m[39;49;00m
[1m[31mE       TypeError: heap_queue_largest() takes 1 positional argument but 2 were given[0m

[1m[31mtests/test_3.py[0m:73: TypeError
[31m[1m___________________ test_min_cost[problem_3_iteration_3.py] ____________________[0m

heap_queue_largest = <function heap_queue_largest at 0x7287cc24f400>

    [0m[37m@pytest[39;49;00m.mark.parametrize([33m"[39;49;00m[33mheap_queue_largest[39;49;00m[33m"[39;49;00m, all_min_cost_functions)[90m[39;49;00m
    [94mdef[39;49;00m [92mtest_min_cost[39;49;00m(heap_queue_largest):[90m[39;49;00m
    [90m    [39;49;00m[33m"""[39;49;00m
    [33m    This ONE test will run for EVERY function in the 'all_min_cost_functions' list.[39;49;00m
    [33m    'min_cost_func' will be the function from iteration 1, then iteration 2, etc.[39;49;00m
    [33m    """[39;49;00m[90m[39;49;00m
    [90m[39;49;00m
        [90m# If loading failed, min_cost_func might be None[39;49;00m[90m[39;49;00m
        [94mif[39;49;00m heap_queue_largest [95mis[39;49;00m [94mNone[39;49;00m:[90m[39;49;00m
            pytest.fail([33m"[39;49;00m[33mModule loading failed, see console output.[39;49;00m[33m"[39;49;00m)[90m[39;49;00m
    [90m[39;49;00m
>       [94massert[39;49;00m heap_queue_largest( [[94m25[39;49;00m, [94m35[39;49;00m, [94m22[39;49;00m, [94m85[39;49;00m, [94m14[39;49;00m, [94m65[39;49;00m, [94m75[39;49;00m, [94m22[39;49;00m, [94m58[39;49;00m],[94m3[39;49;00m)==[[94m85[39;49;00m, [94m75[39;49;00m, [94m65[39;49;00m][90m[39;49;00m
[1m[31mE       TypeError: heap_queue_largest() takes 1 positional argument but 2 were given[0m

[1m[31mtests/test_3.py[0m:73: TypeError
[31m[1m___________________ test_min_cost[problem_3_iteration_4.py] ____________________[0m

heap_queue_largest = <function heap_queue_largest at 0x7287cc24f490>

    [0m[37m@pytest[39;49;00m.mark.parametrize([33m"[39;49;00m[33mheap_queue_largest[39;49;00m[33m"[39;49;00m, all_min_cost_functions)[90m[39;49;00m
    [94mdef[39;49;00m [92mtest_min_cost[39;49;00m(heap_queue_largest):[90m[39;49;00m
    [90m    [39;49;00m[33m"""[39;49;00m
    [33m    This ONE test will run for EVERY function in the 'all_min_cost_functions' list.[39;49;00m
    [33m    'min_cost_func' will be the function from iteration 1, then iteration 2, etc.[39;49;00m
    [33m    """[39;49;00m[90m[39;49;00m
    [90m[39;49;00m
        [90m# If loading failed, min_cost_func might be None[39;49;00m[90m[39;49;00m
        [94mif[39;49;00m heap_queue_largest [95mis[39;49;00m [94mNone[39;49;00m:[90m[39;49;00m
            pytest.fail([33m"[39;49;00m[33mModule loading failed, see console output.[39;49;00m[33m"[39;49;00m)[90m[39;49;00m
    [90m[39;49;00m
>       [94massert[39;49;00m heap_queue_largest( [[94m25[39;49;00m, [94m35[39;49;00m, [94m22[39;49;00m, [94m85[39;49;00m, [94m14[39;49;00m, [94m65[39;49;00m, [94m75[39;49;00m, [94m22[39;49;00m, [94m58[39;49;00m],[94m3[39;49;00m)==[[94m85[39;49;00m, [94m75[39;49;00m, [94m65[39;49;00m][90m[39;49;00m
[1m[31mE       TypeError: heap_queue_largest() takes 1 positional argument but 2 were given[0m

[1m[31mtests/test_3.py[0m:73: TypeError
[31m[1m___________________ test_min_cost[problem_4_iteration_0.py] ____________________[0m

count_ways = <function count_ways at 0x7287cc24f640>

    [0m[37m@pytest[39;49;00m.mark.parametrize([33m"[39;49;00m[33mcount_ways[39;49;00m[33m"[39;49;00m, all_min_cost_functions)[90m[39;49;00m
    [94mdef[39;49;00m [92mtest_min_cost[39;49;00m(count_ways):[90m[39;49;00m
    [90m    [39;49;00m[33m"""[39;49;00m
    [33m    This ONE test will run for EVERY function in the 'all_min_cost_functions' list.[39;49;00m
    [33m    'min_cost_func' will be the function from iteration 1, then iteration 2, etc.[39;49;00m
    [33m    """[39;49;00m[90m[39;49;00m
    [90m[39;49;00m
        [90m# If loading failed, min_cost_func might be None[39;49;00m[90m[39;49;00m
        [94mif[39;49;00m count_ways [95mis[39;49;00m [94mNone[39;49;00m:[90m[39;49;00m
            pytest.fail([33m"[39;49;00m[33mModule loading failed, see console output.[39;49;00m[33m"[39;49;00m)[90m[39;49;00m
    [90m[39;49;00m
>       [94massert[39;49;00m count_ways([94m2[39;49;00m) == [94m3[39;49;00m[90m[39;49;00m
[1m[31mE       assert 0 == 3[0m
[1m[31mE        +  where 0 = <function count_ways at 0x7287cc24f640>(2)[0m

[1m[31mtests/test_4.py[0m:73: AssertionError
[31m[1m___________________ test_min_cost[problem_4_iteration_3.py] ____________________[0m

count_ways = <function count_ways at 0x7287cc24f6d0>

    [0m[37m@pytest[39;49;00m.mark.parametrize([33m"[39;49;00m[33mcount_ways[39;49;00m[33m"[39;49;00m, all_min_cost_functions)[90m[39;49;00m
    [94mdef[39;49;00m [92mtest_min_cost[39;49;00m(count_ways):[90m[39;49;00m
    [90m    [39;49;00m[33m"""[39;49;00m
    [33m    This ONE test will run for EVERY function in the 'all_min_cost_functions' list.[39;49;00m
    [33m    'min_cost_func' will be the function from iteration 1, then iteration 2, etc.[39;49;00m
    [33m    """[39;49;00m[90m[39;49;00m
    [90m[39;49;00m
        [90m# If loading failed, min_cost_func might be None[39;49;00m[90m[39;49;00m
        [94mif[39;49;00m count_ways [95mis[39;49;00m [94mNone[39;49;00m:[90m[39;49;00m
            pytest.fail([33m"[39;49;00m[33mModule loading failed, see console output.[39;49;00m[33m"[39;49;00m)[90m[39;49;00m
    [90m[39;49;00m
>       [94massert[39;49;00m count_ways([94m2[39;49;00m) == [94m3[39;49;00m[90m[39;49;00m
[1m[31mE       assert 0 == 3[0m
[1m[31mE        +  where 0 = <function count_ways at 0x7287cc24f6d0>(2)[0m

[1m[31mtests/test_4.py[0m:73: AssertionError
[31m[1m___________________ test_min_cost[problem_4_iteration_4.py] ____________________[0m

count_ways = <function count_ways at 0x7287cc24f760>

    [0m[37m@pytest[39;49;00m.mark.parametrize([33m"[39;49;00m[33mcount_ways[39;49;00m[33m"[39;49;00m, all_min_cost_functions)[90m[39;49;00m
    [94mdef[39;49;00m [92mtest_min_cost[39;49;00m(count_ways):[90m[39;49;00m
    [90m    [39;49;00m[33m"""[39;49;00m
    [33m    This ONE test will run for EVERY function in the 'all_min_cost_functions' list.[39;49;00m
    [33m    'min_cost_func' will be the function from iteration 1, then iteration 2, etc.[39;49;00m
    [33m    """[39;49;00m[90m[39;49;00m
    [90m[39;49;00m
        [90m# If loading failed, min_cost_func might be None[39;49;00m[90m[39;49;00m
        [94mif[39;49;00m count_ways [95mis[39;49;00m [94mNone[39;49;00m:[90m[39;49;00m
            pytest.fail([33m"[39;49;00m[33mModule loading failed, see console output.[39;49;00m[33m"[39;49;00m)[90m[39;49;00m
    [90m[39;49;00m
>       [94massert[39;49;00m count_ways([94m2[39;49;00m) == [94m3[39;49;00m[90m[39;49;00m
[1m[31mE       TypeError: count_ways() missing 1 required positional argument: 'm'[0m

[1m[31mtests/test_4.py[0m:73: TypeError
[31m[1m___________________ test_min_cost[problem_5_iteration_0.py] ____________________[0m

differ_At_One_Bit_Pos = <function differ_At_One_Bit_Pos at 0x7287cc24f910>

    [0m[37m@pytest[39;49;00m.mark.parametrize([33m"[39;49;00m[33mdiffer_At_One_Bit_Pos[39;49;00m[33m"[39;49;00m, all_min_cost_functions)[90m[39;49;00m
    [94mdef[39;49;00m [92mtest_min_cost[39;49;00m(differ_At_One_Bit_Pos):[90m[39;49;00m
    [90m    [39;49;00m[33m"""[39;49;00m
    [33m    This ONE test will run for EVERY function in the 'all_min_cost_functions' list.[39;49;00m
    [33m    'min_cost_func' will be the function from iteration 1, then iteration 2, etc.[39;49;00m
    [33m    """[39;49;00m[90m[39;49;00m
    [90m[39;49;00m
        [90m# If loading failed, min_cost_func might be None[39;49;00m[90m[39;49;00m
        [94mif[39;49;00m differ_At_One_Bit_Pos [95mis[39;49;00m [94mNone[39;49;00m:[90m[39;49;00m
            pytest.fail([33m"[39;49;00m[33mModule loading failed, see console output.[39;49;00m[33m"[39;49;00m)[90m[39;49;00m
    [90m[39;49;00m
>       [94massert[39;49;00m differ_At_One_Bit_Pos([94m13[39;49;00m,[94m9[39;49;00m) == [94mTrue[39;49;00m[90m[39;49;00m
[1m[31mE       assert False == True[0m
[1m[31mE        +  where False = <function differ_At_One_Bit_Pos at 0x7287cc24f910>(13, 9)[0m

[1m[31mtests/test_5.py[0m:73: AssertionError
[31m[1m___________________ test_min_cost[problem_5_iteration_1.py] ____________________[0m

differ_At_One_Bit_Pos = <function differ_At_One_Bit_Pos at 0x7287cc24f9a0>

    [0m[37m@pytest[39;49;00m.mark.parametrize([33m"[39;49;00m[33mdiffer_At_One_Bit_Pos[39;49;00m[33m"[39;49;00m, all_min_cost_functions)[90m[39;49;00m
    [94mdef[39;49;00m [92mtest_min_cost[39;49;00m(differ_At_One_Bit_Pos):[90m[39;49;00m
    [90m    [39;49;00m[33m"""[39;49;00m
    [33m    This ONE test will run for EVERY function in the 'all_min_cost_functions' list.[39;49;00m
    [33m    'min_cost_func' will be the function from iteration 1, then iteration 2, etc.[39;49;00m
    [33m    """[39;49;00m[90m[39;49;00m
    [90m[39;49;00m
        [90m# If loading failed, min_cost_func might be None[39;49;00m[90m[39;49;00m
        [94mif[39;49;00m differ_At_One_Bit_Pos [95mis[39;49;00m [94mNone[39;49;00m:[90m[39;49;00m
            pytest.fail([33m"[39;49;00m[33mModule loading failed, see console output.[39;49;00m[33m"[39;49;00m)[90m[39;49;00m
    [90m[39;49;00m
>       [94massert[39;49;00m differ_At_One_Bit_Pos([94m13[39;49;00m,[94m9[39;49;00m) == [94mTrue[39;49;00m[90m[39;49;00m
[1m[31mE       assert False == True[0m
[1m[31mE        +  where False = <function differ_At_One_Bit_Pos at 0x7287cc24f9a0>(13, 9)[0m

[1m[31mtests/test_5.py[0m:73: AssertionError
[31m[1m___________________ test_min_cost[problem_5_iteration_2.py] ____________________[0m

differ_At_One_Bit_Pos = <function differ_At_One_Bit_Pos at 0x7287cc24fa30>

    [0m[37m@pytest[39;49;00m.mark.parametrize([33m"[39;49;00m[33mdiffer_At_One_Bit_Pos[39;49;00m[33m"[39;49;00m, all_min_cost_functions)[90m[39;49;00m
    [94mdef[39;49;00m [92mtest_min_cost[39;49;00m(differ_At_One_Bit_Pos):[90m[39;49;00m
    [90m    [39;49;00m[33m"""[39;49;00m
    [33m    This ONE test will run for EVERY function in the 'all_min_cost_functions' list.[39;49;00m
    [33m    'min_cost_func' will be the function from iteration 1, then iteration 2, etc.[39;49;00m
    [33m    """[39;49;00m[90m[39;49;00m
    [90m[39;49;00m
        [90m# If loading failed, min_cost_func might be None[39;49;00m[90m[39;49;00m
        [94mif[39;49;00m differ_At_One_Bit_Pos [95mis[39;49;00m [94mNone[39;49;00m:[90m[39;49;00m
            pytest.fail([33m"[39;49;00m[33mModule loading failed, see console output.[39;49;00m[33m"[39;49;00m)[90m[39;49;00m
    [90m[39;49;00m
>       [94massert[39;49;00m differ_At_One_Bit_Pos([94m13[39;49;00m,[94m9[39;49;00m) == [94mTrue[39;49;00m[90m[39;49;00m
[1m[31mE       assert False == True[0m
[1m[31mE        +  where False = <function differ_At_One_Bit_Pos at 0x7287cc24fa30>(13, 9)[0m

[1m[31mtests/test_5.py[0m:73: AssertionError
[31m[1m___________________ test_min_cost[problem_5_iteration_3.py] ____________________[0m

differ_At_One_Bit_Pos = <function differ_At_One_Bit_Pos at 0x7287cc24fac0>

    [0m[37m@pytest[39;49;00m.mark.parametrize([33m"[39;49;00m[33mdiffer_At_One_Bit_Pos[39;49;00m[33m"[39;49;00m, all_min_cost_functions)[90m[39;49;00m
    [94mdef[39;49;00m [92mtest_min_cost[39;49;00m(differ_At_One_Bit_Pos):[90m[39;49;00m
    [90m    [39;49;00m[33m"""[39;49;00m
    [33m    This ONE test will run for EVERY function in the 'all_min_cost_functions' list.[39;49;00m
    [33m    'min_cost_func' will be the function from iteration 1, then iteration 2, etc.[39;49;00m
    [33m    """[39;49;00m[90m[39;49;00m
    [90m[39;49;00m
        [90m# If loading failed, min_cost_func might be None[39;49;00m[90m[39;49;00m
        [94mif[39;49;00m differ_At_One_Bit_Pos [95mis[39;49;00m [94mNone[39;49;00m:[90m[39;49;00m
            pytest.fail([33m"[39;49;00m[33mModule loading failed, see console output.[39;49;00m[33m"[39;49;00m)[90m[39;49;00m
    [90m[39;49;00m
        [94massert[39;49;00m differ_At_One_Bit_Pos([94m13[39;49;00m,[94m9[39;49;00m) == [94mTrue[39;49;00m[90m[39;49;00m
>       [94massert[39;49;00m differ_At_One_Bit_Pos([94m15[39;49;00m,[94m8[39;49;00m) == [94mFalse[39;49;00m[90m[39;49;00m
[1m[31mE       assert True == False[0m
[1m[31mE        +  where True = <function differ_At_One_Bit_Pos at 0x7287cc24fac0>(15, 8)[0m

[1m[31mtests/test_5.py[0m:74: AssertionError
[31m[1m___________________ test_min_cost[problem_5_iteration_4.py] ____________________[0m

differ_At_One_Bit_Pos = <function differ_At_One_Bit_Pos at 0x7287cc24fb50>

    [0m[37m@pytest[39;49;00m.mark.parametrize([33m"[39;49;00m[33mdiffer_At_One_Bit_Pos[39;49;00m[33m"[39;49;00m, all_min_cost_functions)[90m[39;49;00m
    [94mdef[39;49;00m [92mtest_min_cost[39;49;00m(differ_At_One_Bit_Pos):[90m[39;49;00m
    [90m    [39;49;00m[33m"""[39;49;00m
    [33m    This ONE test will run for EVERY function in the 'all_min_cost_functions' list.[39;49;00m
    [33m    'min_cost_func' will be the function from iteration 1, then iteration 2, etc.[39;49;00m
    [33m    """[39;49;00m[90m[39;49;00m
    [90m[39;49;00m
        [90m# If loading failed, min_cost_func might be None[39;49;00m[90m[39;49;00m
        [94mif[39;49;00m differ_At_One_Bit_Pos [95mis[39;49;00m [94mNone[39;49;00m:[90m[39;49;00m
            pytest.fail([33m"[39;49;00m[33mModule loading failed, see console output.[39;49;00m[33m"[39;49;00m)[90m[39;49;00m
    [90m[39;49;00m
>       [94massert[39;49;00m differ_At_One_Bit_Pos([94m13[39;49;00m,[94m9[39;49;00m) == [94mTrue[39;49;00m[90m[39;49;00m
[1m[31mE       assert False == True[0m
[1m[31mE        +  where False = <function differ_At_One_Bit_Pos at 0x7287cc24fb50>(13, 9)[0m

[1m[31mtests/test_5.py[0m:73: AssertionError
[31m[1m___________________ test_min_cost[problem_6_iteration_0.py] ____________________[0m

find_char_long = <function find_char_long at 0x7287cc24fd00>

    [0m[37m@pytest[39;49;00m.mark.parametrize([33m"[39;49;00m[33mfind_char_long[39;49;00m[33m"[39;49;00m, all_min_cost_functions)[90m[39;49;00m
    [94mdef[39;49;00m [92mtest_min_cost[39;49;00m(find_char_long):[90m[39;49;00m
    [90m    [39;49;00m[33m"""[39;49;00m
    [33m    This ONE test will run for EVERY function in the 'all_min_cost_functions' list.[39;49;00m
    [33m    'min_cost_func' will be the function from iteration 1, then iteration 2, etc.[39;49;00m
    [33m    """[39;49;00m[90m[39;49;00m
    [90m[39;49;00m
        [90m# If loading failed, min_cost_func might be None[39;49;00m[90m[39;49;00m
        [94mif[39;49;00m find_char_long [95mis[39;49;00m [94mNone[39;49;00m:[90m[39;49;00m
            pytest.fail([33m"[39;49;00m[33mModule loading failed, see console output.[39;49;00m[33m"[39;49;00m)[90m[39;49;00m
    [90m[39;49;00m
>       [94massert[39;49;00m find_char_long([33m'[39;49;00m[33mPlease move back to stream[39;49;00m[33m'[39;49;00m) == [[33m'[39;49;00m[33mPlease[39;49;00m[33m'[39;49;00m, [33m'[39;49;00m[33mmove[39;49;00m[33m'[39;49;00m, [33m'[39;49;00m[33mback[39;49;00m[33m'[39;49;00m, [33m'[39;49;00m[33mstream[39;49;00m[33m'[39;49;00m][90m[39;49;00m
[1m[31mE       AssertionError: assert [] == ['Please', 'm...ck', 'stream'][0m
[1m[31mE         [0m
[1m[31mE         Right contains 4 more items, first extra item: [0m[33m'[39;49;00m[33mPlease[39;49;00m[33m'[39;49;00m[90m[39;49;00m[0m
[1m[31mE         [0m
[1m[31mE         Full diff:[0m
[1m[31mE         [0m[92m+ [][39;49;00m[90m[39;49;00m[0m
[1m[31mE         [91m- [[39;49;00m[90m[39;49;00m[0m
[1m[31mE         [91m-     'Please',[39;49;00m[90m[39;49;00m...[0m
[1m[31mE         [0m
[1m[31mE         ...Full output truncated (4 lines hidden), use '-vv' to show[0m

[1m[31mtests/test_6.py[0m:73: AssertionError
[31m[1m___________________ test_min_cost[problem_6_iteration_1.py] ____________________[0m

find_char_long = <function find_char_long at 0x7287cc24fd90>

    [0m[37m@pytest[39;49;00m.mark.parametrize([33m"[39;49;00m[33mfind_char_long[39;49;00m[33m"[39;49;00m, all_min_cost_functions)[90m[39;49;00m
    [94mdef[39;49;00m [92mtest_min_cost[39;49;00m(find_char_long):[90m[39;49;00m
    [90m    [39;49;00m[33m"""[39;49;00m
    [33m    This ONE test will run for EVERY function in the 'all_min_cost_functions' list.[39;49;00m
    [33m    'min_cost_func' will be the function from iteration 1, then iteration 2, etc.[39;49;00m
    [33m    """[39;49;00m[90m[39;49;00m
    [90m[39;49;00m
        [90m# If loading failed, min_cost_func might be None[39;49;00m[90m[39;49;00m
        [94mif[39;49;00m find_char_long [95mis[39;49;00m [94mNone[39;49;00m:[90m[39;49;00m
            pytest.fail([33m"[39;49;00m[33mModule loading failed, see console output.[39;49;00m[33m"[39;49;00m)[90m[39;49;00m
    [90m[39;49;00m
>       [94massert[39;49;00m find_char_long([33m'[39;49;00m[33mPlease move back to stream[39;49;00m[33m'[39;49;00m) == [[33m'[39;49;00m[33mPlease[39;49;00m[33m'[39;49;00m, [33m'[39;49;00m[33mmove[39;49;00m[33m'[39;49;00m, [33m'[39;49;00m[33mback[39;49;00m[33m'[39;49;00m, [33m'[39;49;00m[33mstream[39;49;00m[33m'[39;49;00m][90m[39;49;00m
[1m[31mE       AssertionError: assert ['', '', '', '', '', '', ...] == ['Please', 'm...ck', 'stream'][0m
[1m[31mE         [0m
[1m[31mE         At index 0 diff: [0m[33m'[39;49;00m[33m'[39;49;00m[90m[39;49;00m != [0m[33m'[39;49;00m[33mPlease[39;49;00m[33m'[39;49;00m[90m[39;49;00m[0m
[1m[31mE         Left contains 19 more items, first extra item: [0m[33m'[39;49;00m[33m'[39;49;00m[90m[39;49;00m[0m
[1m[31mE         [0m
[1m[31mE         Full diff:[0m
[1m[31mE         [0m[90m [39;49;00m [[90m[39;49;00m[0m
[1m[31mE         [91m-     'Please',[39;49;00m[90m[39;49;00m...[0m
[1m[31mE         [0m
[1m[31mE         ...Full output truncated (29 lines hidden), use '-vv' to show[0m

[1m[31mtests/test_6.py[0m:73: AssertionError
[31m[1m___________________ test_min_cost[problem_6_iteration_3.py] ____________________[0m

find_char_long = <function find_char_long at 0x7287cc24feb0>

    [0m[37m@pytest[39;49;00m.mark.parametrize([33m"[39;49;00m[33mfind_char_long[39;49;00m[33m"[39;49;00m, all_min_cost_functions)[90m[39;49;00m
    [94mdef[39;49;00m [92mtest_min_cost[39;49;00m(find_char_long):[90m[39;49;00m
    [90m    [39;49;00m[33m"""[39;49;00m
    [33m    This ONE test will run for EVERY function in the 'all_min_cost_functions' list.[39;49;00m
    [33m    'min_cost_func' will be the function from iteration 1, then iteration 2, etc.[39;49;00m
    [33m    """[39;49;00m[90m[39;49;00m
    [90m[39;49;00m
        [90m# If loading failed, min_cost_func might be None[39;49;00m[90m[39;49;00m
        [94mif[39;49;00m find_char_long [95mis[39;49;00m [94mNone[39;49;00m:[90m[39;49;00m
            pytest.fail([33m"[39;49;00m[33mModule loading failed, see console output.[39;49;00m[33m"[39;49;00m)[90m[39;49;00m
    [90m[39;49;00m
>       [94massert[39;49;00m find_char_long([33m'[39;49;00m[33mPlease move back to stream[39;49;00m[33m'[39;49;00m) == [[33m'[39;49;00m[33mPlease[39;49;00m[33m'[39;49;00m, [33m'[39;49;00m[33mmove[39;49;00m[33m'[39;49;00m, [33m'[39;49;00m[33mback[39;49;00m[33m'[39;49;00m, [33m'[39;49;00m[33mstream[39;49;00m[33m'[39;49;00m][90m[39;49;00m
[1m[31mE       AssertionError: assert [] == ['Please', 'm...ck', 'stream'][0m
[1m[31mE         [0m
[1m[31mE         Right contains 4 more items, first extra item: [0m[33m'[39;49;00m[33mPlease[39;49;00m[33m'[39;49;00m[90m[39;49;00m[0m
[1m[31mE         [0m
[1m[31mE         Full diff:[0m
[1m[31mE         [0m[92m+ [][39;49;00m[90m[39;49;00m[0m
[1m[31mE         [91m- [[39;49;00m[90m[39;49;00m[0m
[1m[31mE         [91m-     'Please',[39;49;00m[90m[39;49;00m...[0m
[1m[31mE         [0m
[1m[31mE         ...Full output truncated (4 lines hidden), use '-vv' to show[0m

[1m[31mtests/test_6.py[0m:73: AssertionError
[31m[1m________________ test_find_Rotations[problem_8_iteration_0.py] _________________[0m

find_Rotations = <function find_Rotations at 0x7287cc318430>

    [0m[37m@pytest[39;49;00m.mark.parametrize([33m"[39;49;00m[33mfind_Rotations[39;49;00m[33m"[39;49;00m, all_min_cost_functions)[90m[39;49;00m
    [94mdef[39;49;00m [92mtest_find_Rotations[39;49;00m(find_Rotations):[90m[39;49;00m
    [90m    [39;49;00m[33m"""[39;49;00m
    [33m    This ONE test will run for EVERY function in the 'all_min_cost_functions' list.[39;49;00m
    [33m    'min_cost_func' will be the function from iteration 1, then iteration 2, etc.[39;49;00m
    [33m    """[39;49;00m[90m[39;49;00m
    [90m[39;49;00m
        [90m# If loading failed, min_cost_func might be None[39;49;00m[90m[39;49;00m
        [94mif[39;49;00m find_Rotations [95mis[39;49;00m [94mNone[39;49;00m:[90m[39;49;00m
            pytest.fail([33m"[39;49;00m[33mModule loading failed, see console output.[39;49;00m[33m"[39;49;00m)[90m[39;49;00m
    [90m[39;49;00m
        [94massert[39;49;00m find_Rotations([33m"[39;49;00m[33maaaa[39;49;00m[33m"[39;49;00m) == [94m1[39;49;00m[90m[39;49;00m
>       [94massert[39;49;00m find_Rotations([33m"[39;49;00m[33mab[39;49;00m[33m"[39;49;00m) == [94m2[39;49;00m[90m[39;49;00m
[1m[31mE       AssertionError: assert 1 == 2[0m
[1m[31mE        +  where 1 = <function find_Rotations at 0x7287cc318430>('ab')[0m

[1m[31mtests/test_8.py[0m:74: AssertionError
[31m[1m________________ test_find_Rotations[problem_8_iteration_1.py] _________________[0m

find_Rotations = <function find_Rotations at 0x7287cc3184c0>

    [0m[37m@pytest[39;49;00m.mark.parametrize([33m"[39;49;00m[33mfind_Rotations[39;49;00m[33m"[39;49;00m, all_min_cost_functions)[90m[39;49;00m
    [94mdef[39;49;00m [92mtest_find_Rotations[39;49;00m(find_Rotations):[90m[39;49;00m
    [90m    [39;49;00m[33m"""[39;49;00m
    [33m    This ONE test will run for EVERY function in the 'all_min_cost_functions' list.[39;49;00m
    [33m    'min_cost_func' will be the function from iteration 1, then iteration 2, etc.[39;49;00m
    [33m    """[39;49;00m[90m[39;49;00m
    [90m[39;49;00m
        [90m# If loading failed, min_cost_func might be None[39;49;00m[90m[39;49;00m
        [94mif[39;49;00m find_Rotations [95mis[39;49;00m [94mNone[39;49;00m:[90m[39;49;00m
            pytest.fail([33m"[39;49;00m[33mModule loading failed, see console output.[39;49;00m[33m"[39;49;00m)[90m[39;49;00m
    [90m[39;49;00m
>       [94massert[39;49;00m find_Rotations([33m"[39;49;00m[33maaaa[39;49;00m[33m"[39;49;00m) == [94m1[39;49;00m[90m[39;49;00m

[1m[31mtests/test_8.py[0m:73: 
_ _ _ _ _ _ _ _ _ _ _ _ _ _ _ _ _ _ _ _ _ _ _ _ _ _ _ _ _ _ _ _ _ _ _ _ _ _ _ _ 

s = 'aaaa'

    [0m[94mdef[39;49;00m [92mfind_Rotations[39;49;00m(s):[90m[39;49;00m
        count = [94m0[39;49;00m[90m[39;49;00m
        same_string = [94mFalse[39;49;00m[90m[39;49;00m
        [94mwhile[39;49;00m [95mnot[39;49;00m same_string:[90m[39;49;00m
            count += [94m1[39;49;00m[90m[39;49;00m
            same_string = [94mTrue[39;49;00m[90m[39;49;00m
            [94mfor[39;49;00m i [95min[39;49;00m [96mrange[39;49;00m([96mlen[39;49;00m(s)):[90m[39;49;00m
>               [94mif[39;49;00m s[i] != s[i + count]:[90m[39;49;00m
[1m[31mE               IndexError: string index out of range[0m

[1m[31mgenerated_code/problem_8_iteration_1.py[0m:8: IndexError
[31m[1m________________ test_find_Rotations[problem_8_iteration_2.py] _________________[0m

find_Rotations = <function find_Rotations at 0x7287cc318550>

    [0m[37m@pytest[39;49;00m.mark.parametrize([33m"[39;49;00m[33mfind_Rotations[39;49;00m[33m"[39;49;00m, all_min_cost_functions)[90m[39;49;00m
    [94mdef[39;49;00m [92mtest_find_Rotations[39;49;00m(find_Rotations):[90m[39;49;00m
    [90m    [39;49;00m[33m"""[39;49;00m
    [33m    This ONE test will run for EVERY function in the 'all_min_cost_functions' list.[39;49;00m
    [33m    'min_cost_func' will be the function from iteration 1, then iteration 2, etc.[39;49;00m
    [33m    """[39;49;00m[90m[39;49;00m
    [90m[39;49;00m
        [90m# If loading failed, min_cost_func might be None[39;49;00m[90m[39;49;00m
        [94mif[39;49;00m find_Rotations [95mis[39;49;00m [94mNone[39;49;00m:[90m[39;49;00m
            pytest.fail([33m"[39;49;00m[33mModule loading failed, see console output.[39;49;00m[33m"[39;49;00m)[90m[39;49;00m
    [90m[39;49;00m
>       [94massert[39;49;00m find_Rotations([33m"[39;49;00m[33maaaa[39;49;00m[33m"[39;49;00m) == [94m1[39;49;00m[90m[39;49;00m
[1m[31mE       AssertionError: assert 3 == 1[0m
[1m[31mE        +  where 3 = <function find_Rotations at 0x7287cc318550>('aaaa')[0m

[1m[31mtests/test_8.py[0m:73: AssertionError
[31m[1m________________ test_find_Rotations[problem_8_iteration_3.py] _________________[0m

find_Rotations = <function find_Rotations at 0x7287cc3185e0>

    [0m[37m@pytest[39;49;00m.mark.parametrize([33m"[39;49;00m[33mfind_Rotations[39;49;00m[33m"[39;49;00m, all_min_cost_functions)[90m[39;49;00m
    [94mdef[39;49;00m [92mtest_find_Rotations[39;49;00m(find_Rotations):[90m[39;49;00m
    [90m    [39;49;00m[33m"""[39;49;00m
    [33m    This ONE test will run for EVERY function in the 'all_min_cost_functions' list.[39;49;00m
    [33m    'min_cost_func' will be the function from iteration 1, then iteration 2, etc.[39;49;00m
    [33m    """[39;49;00m[90m[39;49;00m
    [90m[39;49;00m
        [90m# If loading failed, min_cost_func might be None[39;49;00m[90m[39;49;00m
        [94mif[39;49;00m find_Rotations [95mis[39;49;00m [94mNone[39;49;00m:[90m[39;49;00m
            pytest.fail([33m"[39;49;00m[33mModule loading failed, see console output.[39;49;00m[33m"[39;49;00m)[90m[39;49;00m
    [90m[39;49;00m
>       [94massert[39;49;00m find_Rotations([33m"[39;49;00m[33maaaa[39;49;00m[33m"[39;49;00m) == [94m1[39;49;00m[90m[39;49;00m
[1m[31mE       TypeError: find_Rotations() missing 1 required positional argument: 'k'[0m

[1m[31mtests/test_8.py[0m:73: TypeError
[31m[1m________________ test_find_Rotations[problem_8_iteration_4.py] _________________[0m

find_Rotations = <function find_Rotations at 0x7287cc318700>

    [0m[37m@pytest[39;49;00m.mark.parametrize([33m"[39;49;00m[33mfind_Rotations[39;49;00m[33m"[39;49;00m, all_min_cost_functions)[90m[39;49;00m
    [94mdef[39;49;00m [92mtest_find_Rotations[39;49;00m(find_Rotations):[90m[39;49;00m
    [90m    [39;49;00m[33m"""[39;49;00m
    [33m    This ONE test will run for EVERY function in the 'all_min_cost_functions' list.[39;49;00m
    [33m    'min_cost_func' will be the function from iteration 1, then iteration 2, etc.[39;49;00m
    [33m    """[39;49;00m[90m[39;49;00m
    [90m[39;49;00m
        [90m# If loading failed, min_cost_func might be None[39;49;00m[90m[39;49;00m
        [94mif[39;49;00m find_Rotations [95mis[39;49;00m [94mNone[39;49;00m:[90m[39;49;00m
            pytest.fail([33m"[39;49;00m[33mModule loading failed, see console output.[39;49;00m[33m"[39;49;00m)[90m[39;49;00m
    [90m[39;49;00m
>       [94massert[39;49;00m find_Rotations([33m"[39;49;00m[33maaaa[39;49;00m[33m"[39;49;00m) == [94m1[39;49;00m[90m[39;49;00m
[1m[31mE       TypeError: find_Rotations() missing 1 required positional argument: 'str2'[0m

[1m[31mtests/test_8.py[0m:73: TypeError
[31m[1m__________________ test_small_nnum[problem_9_iteration_0.py] ___________________[0m

small_nnum = <function small_nnum at 0x7287cc3188b0>

    [0m[37m@pytest[39;49;00m.mark.parametrize([33m"[39;49;00m[33msmall_nnum[39;49;00m[33m"[39;49;00m, all_min_cost_functions)[90m[39;49;00m
    [94mdef[39;49;00m [92mtest_small_nnum[39;49;00m(small_nnum):[90m[39;49;00m
    [90m    [39;49;00m[33m"""[39;49;00m
    [33m    This ONE test will run for EVERY function in the 'all_min_cost_functions' list.[39;49;00m
    [33m    'min_cost_func' will be the function from iteration 1, then iteration 2, etc.[39;49;00m
    [33m    """[39;49;00m[90m[39;49;00m
    [90m[39;49;00m
        [90m# If loading failed, min_cost_func might be None[39;49;00m[90m[39;49;00m
        [94mif[39;49;00m small_nnum [95mis[39;49;00m [94mNone[39;49;00m:[90m[39;49;00m
            pytest.fail([33m"[39;49;00m[33mModule loading failed, see console output.[39;49;00m[33m"[39;49;00m)[90m[39;49;00m
    [90m[39;49;00m
    [90m[39;49;00m
>       [94massert[39;49;00m small_nnum([[94m10[39;49;00m, [94m20[39;49;00m, [94m50[39;49;00m, [94m70[39;49;00m, [94m90[39;49;00m, [94m20[39;49;00m, [94m50[39;49;00m, [94m40[39;49;00m, [94m60[39;49;00m, [94m80[39;49;00m, [94m100[39;49;00m],[94m2[39;49;00m)==[[94m10[39;49;00m,[94m20[39;49;00m][90m[39;49;00m

[1m[31mtests/test_9.py[0m:74: 
_ _ _ _ _ _ _ _ _ _ _ _ _ _ _ _ _ _ _ _ _ _ _ _ _ _ _ _ _ _ _ _ _ _ _ _ _ _ _ _ 

n = [10, 20, 50, 70, 90, 20, ...], dataset = 2

    [0m[94mdef[39;49;00m [92msmall_nnum[39;49;00m(n, dataset):[90m[39;49;00m
>       [94mreturn[39;49;00m dataset[:n][90m[39;49;00m
[1m[31mE       TypeError: 'int' object is not subscriptable[0m

[1m[31mgenerated_code/problem_9_iteration_0.py[0m:2: TypeError
================================ tests coverage ================================
_______________ coverage: platform linux, python 3.10.12-final-0 _______________

Name                                      Stmts   Miss  Cover
-------------------------------------------------------------
generated_code/problem_0_iteration_0.py      12     11     8%
generated_code/problem_0_iteration_1.py       7      0   100%
generated_code/problem_0_iteration_2.py      11     10     9%
generated_code/problem_0_iteration_3.py       8      0   100%
generated_code/problem_0_iteration_4.py      11     10     9%
generated_code/problem_1_iteration_0.py       2      0   100%
generated_code/problem_1_iteration_1.py       4      2    50%
generated_code/problem_1_iteration_2.py      12      0   100%
generated_code/problem_1_iteration_3.py       6      0   100%
generated_code/problem_1_iteration_4.py       5      3    40%
generated_code/problem_2_iteration_0.py       8      3    62%
generated_code/problem_2_iteration_1.py      13      7    46%
generated_code/problem_2_iteration_2.py       7      0   100%
generated_code/problem_2_iteration_3.py       5      0   100%
generated_code/problem_2_iteration_4.py      13      7    46%
generated_code/problem_3_iteration_0.py       8      6    25%
generated_code/problem_3_iteration_1.py       6      4    33%
generated_code/problem_3_iteration_2.py       4      0   100%
generated_code/problem_3_iteration_3.py       4      2    50%
generated_code/problem_3_iteration_4.py       3      1    67%
generated_code/problem_4_iteration_0.py      14      0   100%
generated_code/problem_4_iteration_3.py      10      1    90%
generated_code/problem_4_iteration_4.py      10      9    10%
generated_code/problem_5_iteration_0.py       6      1    83%
generated_code/problem_5_iteration_1.py       6      1    83%
generated_code/problem_5_iteration_2.py       6      1    83%
generated_code/problem_5_iteration_3.py       5      0   100%
generated_code/problem_5_iteration_4.py       6      1    83%
generated_code/problem_6_iteration_0.py       4      0   100%
generated_code/problem_6_iteration_1.py       5      0   100%
generated_code/problem_6_iteration_2.py       5      0   100%
generated_code/problem_6_iteration_3.py       5      0   100%
generated_code/problem_6_iteration_4.py       5      0   100%
generated_code/problem_7_iteration_0.py       2      0   100%
generated_code/problem_7_iteration_1.py       2      0   100%
generated_code/problem_7_iteration_2.py       2      0   100%
generated_code/problem_7_iteration_3.py       2      0   100%
generated_code/problem_7_iteration_4.py       2      0   100%
generated_code/problem_8_iteration_0.py       8      0   100%
generated_code/problem_8_iteration_1.py      11      3    73%
generated_code/problem_8_iteration_2.py       4      0   100%
generated_code/problem_8_iteration_3.py      22     20     9%
generated_code/problem_8_iteration_4.py       9      8    11%
generated_code/problem_9_iteration_0.py       2      0   100%
generated_code/problem_9_iteration_1.py       4      0   100%
generated_code/problem_9_iteration_2.py       4      0   100%
generated_code/problem_9_iteration_3.py       4      0   100%
generated_code/problem_9_iteration_4.py       4      0   100%
-------------------------------------------------------------
TOTAL                                       318    111    65%
[36m[1m=========================== short test summary info ============================[0m
[31mFAILED[0m tests/test_0.py::[1mtest_min_cost[problem_0_iteration_0.py][0m - TypeError: min_cost() takes 1 positional argument but 3 were given
[31mFAILED[0m tests/test_0.py::[1mtest_min_cost[problem_0_iteration_1.py][0m - IndexError: list index out of range
[31mFAILED[0m tests/test_0.py::[1mtest_min_cost[problem_0_iteration_2.py][0m - TypeError: min_cost() takes 1 positional argument but 3 were given
[31mFAILED[0m tests/test_0.py::[1mtest_min_cost[problem_0_iteration_3.py][0m - IndexError: list index out of range
[31mFAILED[0m tests/test_0.py::[1mtest_min_cost[problem_0_iteration_4.py][0m - TypeError: min_cost() takes 1 positional argument but 3 were given
[31mFAILED[0m tests/test_1.py::[1mtest_min_cost[problem_1_iteration_0.py][0m - assert [] == (4, 5)
[31mFAILED[0m tests/test_1.py::[1mtest_min_cost[problem_1_iteration_1.py][0m - TypeError: 'int' object is not iterable
[31mFAILED[0m tests/test_1.py::[1mtest_min_cost[problem_1_iteration_2.py][0m - assert [4, 5] == (4, 5)
[31mFAILED[0m tests/test_1.py::[1mtest_min_cost[problem_1_iteration_3.py][0m - assert (14, 13) == (13, 14)
[31mFAILED[0m tests/test_1.py::[1mtest_min_cost[problem_1_iteration_4.py][0m - TypeError: 'int' object is not iterable
[31mFAILED[0m tests/test_2.py::[1mtest_min_cost[problem_2_iteration_0.py][0m - assert True == False
[31mFAILED[0m tests/test_2.py::[1mtest_min_cost[problem_2_iteration_1.py][0m - AssertionError: assert ['Not prime. Number is 2 or 3'] == False
[31mFAILED[0m tests/test_2.py::[1mtest_min_cost[problem_2_iteration_2.py][0m - assert True == False
[31mFAILED[0m tests/test_2.py::[1mtest_min_cost[problem_2_iteration_4.py][0m - AssertionError: assert ['Not prime. Number is 2 or 3'] == False
[31mFAILED[0m tests/test_3.py::[1mtest_min_cost[problem_3_iteration_0.py][0m - TypeError: heap_queue_largest() takes 1 positional argument but 2 were given
[31mFAILED[0m tests/test_3.py::[1mtest_min_cost[problem_3_iteration_1.py][0m - TypeError: heap_queue_largest() takes 1 positional argument but 2 were given
[31mFAILED[0m tests/test_3.py::[1mtest_min_cost[problem_3_iteration_3.py][0m - TypeError: heap_queue_largest() takes 1 positional argument but 2 were given
[31mFAILED[0m tests/test_3.py::[1mtest_min_cost[problem_3_iteration_4.py][0m - TypeError: heap_queue_largest() takes 1 positional argument but 2 were given
[31mFAILED[0m tests/test_4.py::[1mtest_min_cost[problem_4_iteration_0.py][0m - assert 0 == 3
[31mFAILED[0m tests/test_4.py::[1mtest_min_cost[problem_4_iteration_3.py][0m - assert 0 == 3
[31mFAILED[0m tests/test_4.py::[1mtest_min_cost[problem_4_iteration_4.py][0m - TypeError: count_ways() missing 1 required positional argument: 'm'
[31mFAILED[0m tests/test_5.py::[1mtest_min_cost[problem_5_iteration_0.py][0m - assert False == True
[31mFAILED[0m tests/test_5.py::[1mtest_min_cost[problem_5_iteration_1.py][0m - assert False == True
[31mFAILED[0m tests/test_5.py::[1mtest_min_cost[problem_5_iteration_2.py][0m - assert False == True
[31mFAILED[0m tests/test_5.py::[1mtest_min_cost[problem_5_iteration_3.py][0m - assert True == False
[31mFAILED[0m tests/test_5.py::[1mtest_min_cost[problem_5_iteration_4.py][0m - assert False == True
[31mFAILED[0m tests/test_6.py::[1mtest_min_cost[problem_6_iteration_0.py][0m - AssertionError: assert [] == ['Please', 'm...ck', 'stream']
[31mFAILED[0m tests/test_6.py::[1mtest_min_cost[problem_6_iteration_1.py][0m - AssertionError: assert ['', '', '', '', '', '', ...] == ['Please', 'm...ck'...
[31mFAILED[0m tests/test_6.py::[1mtest_min_cost[problem_6_iteration_3.py][0m - AssertionError: assert [] == ['Please', 'm...ck', 'stream']
[31mFAILED[0m tests/test_8.py::[1mtest_find_Rotations[problem_8_iteration_0.py][0m - AssertionError: assert 1 == 2
[31mFAILED[0m tests/test_8.py::[1mtest_find_Rotations[problem_8_iteration_1.py][0m - IndexError: string index out of range
[31mFAILED[0m tests/test_8.py::[1mtest_find_Rotations[problem_8_iteration_2.py][0m - AssertionError: assert 3 == 1
[31mFAILED[0m tests/test_8.py::[1mtest_find_Rotations[problem_8_iteration_3.py][0m - TypeError: find_Rotations() missing 1 required positional argument: 'k'
[31mFAILED[0m tests/test_8.py::[1mtest_find_Rotations[problem_8_iteration_4.py][0m - TypeError: find_Rotations() missing 1 required positional argument: 'str2'
[31mFAILED[0m tests/test_9.py::[1mtest_small_nnum[problem_9_iteration_0.py][0m - TypeError: 'int' object is not subscriptable
[31m======================== [31m[1m35 failed[0m, [32m13 passed[0m[31m in 1.35s[0m[31m =========================[0m
======================================================================
All tests finished.
Generating final combined coverage report...
======================================================================
Name                                      Stmts   Miss  Cover   Missing
-----------------------------------------------------------------------
generated_code/problem_0_iteration_0.py      12     11     8%   2-12
generated_code/problem_0_iteration_1.py       7      0   100%
generated_code/problem_0_iteration_2.py      11     10     9%   2-11
generated_code/problem_0_iteration_3.py       8      0   100%
generated_code/problem_0_iteration_4.py      11     10     9%   2-11
generated_code/problem_1_iteration_0.py       2      0   100%
generated_code/problem_1_iteration_1.py       4      2    50%   3-4
generated_code/problem_1_iteration_2.py      12      0   100%
generated_code/problem_1_iteration_3.py       6      0   100%
generated_code/problem_1_iteration_4.py       5      3    40%   3-5
generated_code/problem_2_iteration_0.py       8      3    62%   4, 6-7
generated_code/problem_2_iteration_1.py      13      7    46%   4, 7-13
generated_code/problem_2_iteration_2.py       7      0   100%
generated_code/problem_2_iteration_3.py       5      0   100%
generated_code/problem_2_iteration_4.py      13      7    46%   4, 7-13
generated_code/problem_3_iteration_0.py       8      6    25%   4-9
generated_code/problem_3_iteration_1.py       6      4    33%   4-7
generated_code/problem_3_iteration_2.py       4      0   100%
generated_code/problem_3_iteration_3.py       4      2    50%   4-5
generated_code/problem_3_iteration_4.py       3      1    67%   4
generated_code/problem_4_iteration_0.py      14      0   100%
generated_code/problem_4_iteration_3.py      10      1    90%   9
generated_code/problem_4_iteration_4.py      10      9    10%   3-17
generated_code/problem_5_iteration_0.py       6      1    83%   7
generated_code/problem_5_iteration_1.py       6      1    83%   5
generated_code/problem_5_iteration_2.py       6      1    83%   8
generated_code/problem_5_iteration_3.py       5      0   100%
generated_code/problem_5_iteration_4.py       6      1    83%   5
generated_code/problem_6_iteration_0.py       4      0   100%
generated_code/problem_6_iteration_1.py       5      0   100%
generated_code/problem_6_iteration_2.py       5      0   100%
generated_code/problem_6_iteration_3.py       5      0   100%
generated_code/problem_6_iteration_4.py       5      0   100%
generated_code/problem_7_iteration_0.py       2      0   100%
generated_code/problem_7_iteration_1.py       2      0   100%
generated_code/problem_7_iteration_2.py       2      0   100%
generated_code/problem_7_iteration_3.py       2      0   100%
generated_code/problem_7_iteration_4.py       2      0   100%
generated_code/problem_8_iteration_0.py       8      0   100%
generated_code/problem_8_iteration_1.py      11      3    73%   9-11
generated_code/problem_8_iteration_2.py       4      0   100%
generated_code/problem_8_iteration_3.py      22     20     9%   2-14, 17-23
generated_code/problem_8_iteration_4.py       9      8    11%   3-20
generated_code/problem_9_iteration_0.py       2      0   100%
generated_code/problem_9_iteration_1.py       4      0   100%
generated_code/problem_9_iteration_2.py       4      0   100%
generated_code/problem_9_iteration_3.py       4      0   100%
generated_code/problem_9_iteration_4.py       4      0   100%
-----------------------------------------------------------------------
TOTAL                                       318    111    65%

--- Generating full HTML report ---
Wrote HTML report to htmlcov/index.html

Full, non-truncated report generated!
/home/vincent/Documents/unirepo/WiSe25_26/soft_eng/assignment2/htmlcov/index.html
======================================================================
Script finished.
